<?xml version="1.0" encoding="UTF-8"?>
<testsuite xmlns:xsi="http://www.w3.org/2001/XMLSchema-instance" xsi:noNamespaceSchemaLocation="https://maven.apache.org/surefire/maven-surefire-plugin/xsd/surefire-test-report.xsd" version="3.0.2" name="com.neighbornest.chatservice.controller.ChatRestControllerTest$StartConversationEndpoint" time="0.222" tests="2" errors="0" skipped="0" failures="0">
  <properties>
[...]
</properties>
  <testcase name="shouldReturn400ForMissingParticipant" classname="com.neighbornest.chatservice.controller.ChatRestControllerTest$StartConversationEndpoint" time="0.088">
    <system-out><![CDATA[2026-08-07T11:15:58.677+05:30  INFO 23868 --- [chat-service] [           main] t.c.s.AnnotationConfigContextLoaderUtils : Could not detect default configuration classes for test class [com.neighbornest.chatservice.controller.ChatRestControllerTest$StartConversationEndpoint]: StartConversationEndpoint does not declare any static, non-private, non-final, nested classes annotated with @Configuration.
2026-08-07T11:15:58.730+05:30  INFO 23868 --- [chat-service] [           main] .b.t.c.SpringBootTestContextBootstrapper : Found @SpringBootConfiguration com.neighbornest.chatservice.ChatServiceApplication for test class com.neighbornest.chatservice.controller.ChatRestControllerTest$StartConversationEndpoint
2026-08-07T11:15:58.811+05:30  WARN 23868 --- [chat-service] [           main] c.n.c.exception.GlobalExceptionHandler   : Validation failed: {participantId=participantId is required}
]]></system-out>
  </testcase>
  <testcase name="shouldStartConversation" classname="com.neighbornest.chatservice.controller.ChatRestControllerTest$StartConversationEndpoint" time="0.056"/>
</testsuite>