<?xml version="1.0" encoding="UTF-8"?>
<testsuite xmlns:xsi="http://www.w3.org/2001/XMLSchema-instance" xsi:noNamespaceSchemaLocation="https://maven.apache.org/surefire/maven-surefire-plugin/xsd/surefire-test-report.xsd" version="3.0.2" name="com.neighbornest.auth.service.AuthServiceTest$LogoutTests" time="3.363" tests="2" errors="0" skipped="0" failures="0">
  <properties>
[...]
</properties>
  <testcase name="shouldLogoutAndInvalidateToken" classname="com.neighbornest.auth.service.AuthServiceTest$LogoutTests" time="0.374">
    <system-out><![CDATA[2026-08-05T22:17:31.120+05:30  INFO 20272 --- [           main] t.c.s.AnnotationConfigContextLoaderUtils : Could not detect default configuration classes for test class [com.neighbornest.auth.service.AuthServiceTest]: AuthServiceTest does not declare any static, non-private, non-final, nested classes annotated with @Configuration.
2026-08-05T22:17:31.146+05:30  INFO 20272 --- [           main] .b.t.c.SpringBootTestContextBootstrapper : Found @SpringBootConfiguration com.neighbornest.auth.AuthServiceApplication for test class com.neighbornest.auth.service.AuthServiceTest
2026-08-05T22:17:31.150+05:30  INFO 20272 --- [           main] t.c.s.AnnotationConfigContextLoaderUtils : Could not detect default configuration classes for test class [com.neighbornest.auth.service.AuthServiceTest$LogoutTests]: LogoutTests does not declare any static, non-private, non-final, nested classes annotated with @Configuration.
2026-08-05T22:17:31.153+05:30  INFO 20272 --- [           main] .b.t.c.SpringBootTestContextBootstrapper : Found @SpringBootConfiguration com.neighbornest.auth.AuthServiceApplication for test class com.neighbornest.auth.service.AuthServiceTest$LogoutTests

  .   ____          _            __ _ _
 /\\ / ___'_ __ _ _(_)_ __  __ _ \ \ \ \
( ( )\___ | '_ | '_| | '_ \/ _` | \ \ \ \
 \\/  ___)| |_)| | | | | || (_| |  ) ) ) )
  '  |____| .__|_| |_|_| |_\__, | / / / /
 =========|_|==============|___/=/_/_/_/

 :: Spring Boot ::                (v3.4.4)

2026-08-05T22:17:31.218+05:30  INFO 20272 --- [           main] c.n.auth.service.AuthServiceTest         : Starting AuthServiceTest using Java 25.0.3 with PID 20272 (started by sai kiran in C:\Users\sai kiran\Desktop\project-stschool\backend\auth-service)
2026-08-05T22:17:31.218+05:30  INFO 20272 --- [           main] c.n.auth.service.AuthServiceTest         : The following 1 profile is active: "test"
2026-08-05T22:17:31.908+05:30  INFO 20272 --- [           main] .s.d.r.c.RepositoryConfigurationDelegate : Bootstrapping Spring Data JPA repositories in DEFAULT mode.
2026-08-05T22:17:31.952+05:30  INFO 20272 --- [           main] .s.d.r.c.RepositoryConfigurationDelegate : Finished Spring Data repository scanning in 40 ms. Found 2 JPA repository interfaces.
2026-08-05T22:17:32.093+05:30  INFO 20272 --- [           main] o.s.cloud.context.scope.GenericScope     : BeanFactory id=0092b3f6-6c9b-378c-8f36-8ca9f893a5ec
2026-08-05T22:17:32.297+05:30  INFO 20272 --- [           main] o.hibernate.jpa.internal.util.LogHelper  : HHH000204: Processing PersistenceUnitInfo [name: default]
2026-08-05T22:17:32.300+05:30  INFO 20272 --- [           main] o.h.c.internal.RegionFactoryInitiator    : HHH000026: Second-level cache disabled
2026-08-05T22:17:32.315+05:30  INFO 20272 --- [           main] o.s.o.j.p.SpringPersistenceUnitInfo      : No LoadTimeWeaver setup: ignoring JPA class transformer
2026-08-05T22:17:32.316+05:30  INFO 20272 --- [           main] com.zaxxer.hikari.HikariDataSource       : HikariPool-2 - Starting...
2026-08-05T22:17:32.319+05:30  INFO 20272 --- [           main] com.zaxxer.hikari.pool.HikariPool        : HikariPool-2 - Added connection conn10: url=jdbc:h2:mem:testdb user=SA
2026-08-05T22:17:32.319+05:30  INFO 20272 --- [           main] com.zaxxer.hikari.HikariDataSource       : HikariPool-2 - Start completed.
2026-08-05T22:17:32.320+05:30  WARN 20272 --- [           main] org.hibernate.orm.deprecation            : HHH90000025: H2Dialect does not need to be specified explicitly using 'hibernate.dialect' (remove the property setting and it will be selected by default)
2026-08-05T22:17:32.321+05:30  INFO 20272 --- [           main] org.hibernate.orm.connections.pooling    : HHH10001005: Database info:
	Database JDBC URL [Connecting through datasource 'HikariDataSource (HikariPool-2)']
	Database driver: undefined/unknown
	Database version: 2.3.232
	Autocommit mode: undefined/unknown
	Isolation level: undefined/unknown
	Minimum pool size: undefined/unknown
	Maximum pool size: undefined/unknown
2026-08-05T22:17:32.471+05:30  INFO 20272 --- [           main] o.h.e.t.j.p.i.JtaPlatformInitiator       : HHH000489: No JTA platform available (set 'hibernate.transaction.jta.platform' to enable JTA platform integration)
Hibernate: 
    drop table if exists refresh_tokens cascade 
Hibernate: 
    drop table if exists users cascade 
Hibernate: 
    create table refresh_tokens (
        created_at timestamp(6) not null,
        expiry_date timestamp(6) not null,
        id bigint generated by default as identity,
        user_id bigint not null,
        token varchar(500) not null unique,
        primary key (id)
    )
Hibernate: 
    create table users (
        is_email_verified boolean not null,
        is_onboarded boolean not null,
        created_at timestamp(6) not null,
        id bigint generated by default as identity,
        updated_at timestamp(6) not null,
        city varchar(100),
        full_name varchar(100) not null,
        neighborhood varchar(100),
        profile_photo_url varchar(500),
        email varchar(255) not null unique,
        password_hash varchar(255) not null,
        provider_id varchar(255),
        auth_provider enum ('GOOGLE','LOCAL') not null,
        role enum ('ADMIN','ANCHOR','NEWCOMER') not null,
        primary key (id)
    )
Hibernate: 
    alter table if exists refresh_tokens 
       add constraint FK1lih5y2npsf8u5o3vhdb9y0os 
       foreign key (user_id) 
       references users 
       on delete cascade
2026-08-05T22:17:32.483+05:30  INFO 20272 --- [           main] j.LocalContainerEntityManagerFactoryBean : Initialized JPA EntityManagerFactory for persistence unit 'default'
2026-08-05T22:17:33.248+05:30  INFO 20272 --- [           main] o.s.b.a.e.web.EndpointLinksResolver      : Exposing 1 endpoint beneath base path '/actuator'
2026-08-05T22:17:33.822+05:30  INFO 20272 --- [           main] DiscoveryClientOptionalArgsConfiguration : Eureka HTTP Client uses RestTemplate.
2026-08-05T22:17:33.878+05:30  WARN 20272 --- [           main] iguration$LoadBalancerCaffeineWarnLogger : Spring Cloud LoadBalancer is currently working with the default cache. While this cache implementation is useful for development and tests, it's recommended to use Caffeine cache in production.You can switch to using Caffeine cache, by adding it and org.springframework.cache.caffeine.CaffeineCacheManager to the classpath.
2026-08-05T22:17:33.907+05:30  INFO 20272 --- [           main] c.n.auth.service.AuthServiceTest         : Started AuthServiceTest in 2.748 seconds (process running for 29.829)
2026-08-05T22:17:33.919+05:30  INFO 20272 --- [           main] c.neighbornest.auth.service.AuthService  : Registering new user with email: logout.test@example.com
Hibernate: 
    select
        u1_0.id 
    from
        users u1_0 
    where
        u1_0.email=? 
    fetch
        first ? rows only
Hibernate: 
    insert 
    into
        users
        (auth_provider, city, created_at, email, full_name, is_email_verified, is_onboarded, neighborhood, password_hash, profile_photo_url, provider_id, role, updated_at, id) 
    values
        (?, ?, ?, ?, ?, ?, ?, ?, ?, ?, ?, ?, ?, default)
2026-08-05T22:17:34.057+05:30  INFO 20272 --- [           main] c.neighbornest.auth.service.AuthService  : User registered successfully with id: 1
2026-08-05T22:17:34.058+05:30  INFO 20272 --- [           main] c.neighbornest.auth.service.AuthService  : Login attempt for email: logout.test@example.com
Hibernate: 
    select
        u1_0.id,
        u1_0.auth_provider,
        u1_0.city,
        u1_0.created_at,
        u1_0.email,
        u1_0.full_name,
        u1_0.is_email_verified,
        u1_0.is_onboarded,
        u1_0.neighborhood,
        u1_0.password_hash,
        u1_0.profile_photo_url,
        u1_0.provider_id,
        u1_0.role,
        u1_0.updated_at 
    from
        users u1_0 
    where
        u1_0.email=?
Hibernate: 
    insert 
    into
        refresh_tokens
        (created_at, expiry_date, token, user_id, id) 
    values
        (?, ?, ?, ?, default)
2026-08-05T22:17:34.179+05:30  INFO 20272 --- [           main] c.neighbornest.auth.service.AuthService  : User logged in successfully: logout.test@example.com
Hibernate: 
    select
        rt1_0.id,
        rt1_0.created_at,
        rt1_0.expiry_date,
        rt1_0.token,
        rt1_0.user_id 
    from
        refresh_tokens rt1_0 
    where
        rt1_0.token=?
2026-08-05T22:17:34.187+05:30  INFO 20272 --- [           main] c.neighbornest.auth.service.AuthService  : User logged out successfully
Hibernate: 
    delete 
    from
        refresh_tokens 
    where
        id=?
Hibernate: 
    select
        rt1_0.id,
        rt1_0.created_at,
        rt1_0.expiry_date,
        rt1_0.token,
        rt1_0.user_id 
    from
        refresh_tokens rt1_0 
    where
        rt1_0.token=?
2026-08-05T22:17:34.257+05:30  WARN 20272 --- [           main] c.neighbornest.auth.service.AuthService  : Token refresh failed: refresh token not found
]]></system-out>
  </testcase>
  <testcase name="shouldLogoutWithoutToken" classname="com.neighbornest.auth.service.AuthServiceTest$LogoutTests" time="0.224">
    <system-out><![CDATA[2026-08-05T22:17:34.290+05:30  INFO 20272 --- [           main] c.neighbornest.auth.service.AuthService  : Registering new user with email: logout.notoken@example.com
Hibernate: 
    select
        u1_0.id 
    from
        users u1_0 
    where
        u1_0.email=? 
    fetch
        first ? rows only
Hibernate: 
    insert 
    into
        users
        (auth_provider, city, created_at, email, full_name, is_email_verified, is_onboarded, neighborhood, password_hash, profile_photo_url, provider_id, role, updated_at, id) 
    values
        (?, ?, ?, ?, ?, ?, ?, ?, ?, ?, ?, ?, ?, default)
2026-08-05T22:17:34.401+05:30  INFO 20272 --- [           main] c.neighbornest.auth.service.AuthService  : User registered successfully with id: 2
2026-08-05T22:17:34.402+05:30  INFO 20272 --- [           main] c.neighbornest.auth.service.AuthService  : User logged out successfully
2026-08-05T22:17:34.402+05:30  INFO 20272 --- [           main] c.neighbornest.auth.service.AuthService  : Login attempt for email: logout.notoken@example.com
Hibernate: 
    select
        u1_0.id,
        u1_0.auth_provider,
        u1_0.city,
        u1_0.created_at,
        u1_0.email,
        u1_0.full_name,
        u1_0.is_email_verified,
        u1_0.is_onboarded,
        u1_0.neighborhood,
        u1_0.password_hash,
        u1_0.profile_photo_url,
        u1_0.provider_id,
        u1_0.role,
        u1_0.updated_at 
    from
        users u1_0 
    where
        u1_0.email=?
Hibernate: 
    insert 
    into
        refresh_tokens
        (created_at, expiry_date, token, user_id, id) 
    values
        (?, ?, ?, ?, default)
2026-08-05T22:17:34.507+05:30  INFO 20272 --- [           main] c.neighbornest.auth.service.AuthService  : User logged in successfully: logout.notoken@example.com
]]></system-out>
  </testcase>
</testsuite>