<?xml version="1.0" encoding="UTF-8"?>
<testsuite xmlns:xsi="http://www.w3.org/2001/XMLSchema-instance" xsi:noNamespaceSchemaLocation="https://maven.apache.org/surefire/maven-surefire-plugin/xsd/surefire-test-report.xsd" version="3.0.2" name="com.neighbornest.notificationservice.repository.NotificationRepositoryTest$CleanupTests" time="5.193" tests="2" errors="0" skipped="0" failures="0">
  <properties>
[...]
</properties>
  <testcase name="shouldDeleteOldNotifications" classname="com.neighbornest.notificationservice.repository.NotificationRepositoryTest$CleanupTests" time="0.324">
    <system-out><![CDATA[2026-08-13T12:12:54.362+05:30  INFO 12656 --- [           main] t.c.s.AnnotationConfigContextLoaderUtils : Could not detect default configuration classes for test class [com.neighbornest.notificationservice.repository.NotificationRepositoryTest]: NotificationRepositoryTest does not declare any static, non-private, non-final, nested classes annotated with @Configuration.
2026-08-13T12:12:54.436+05:30  INFO 12656 --- [           main] .b.t.c.SpringBootTestContextBootstrapper : Found @SpringBootConfiguration com.neighbornest.notificationservice.NotificationServiceApplication for test class com.neighbornest.notificationservice.repository.NotificationRepositoryTest
2026-08-13T12:12:54.443+05:30  INFO 12656 --- [           main] t.c.s.AnnotationConfigContextLoaderUtils : Could not detect default configuration classes for test class [com.neighbornest.notificationservice.repository.NotificationRepositoryTest$CleanupTests]: CleanupTests does not declare any static, non-private, non-final, nested classes annotated with @Configuration.
2026-08-13T12:12:54.472+05:30  INFO 12656 --- [           main] .b.t.c.SpringBootTestContextBootstrapper : Found @SpringBootConfiguration com.neighbornest.notificationservice.NotificationServiceApplication for test class com.neighbornest.notificationservice.repository.NotificationRepositoryTest$CleanupTests

  .   ____          _            __ _ _
 /\\ / ___'_ __ _ _(_)_ __  __ _ \ \ \ \
( ( )\___ | '_ | '_| | '_ \/ _` | \ \ \ \
 \\/  ___)| |_)| | | | | || (_| |  ) ) ) )
  '  |____| .__|_| |_|_| |_\__, | / / / /
 =========|_|==============|___/=/_/_/_/

 :: Spring Boot ::                (v3.4.4)

2026-08-13T12:12:54.633+05:30  INFO 12656 --- [           main] c.n.n.r.NotificationRepositoryTest       : Starting NotificationRepositoryTest using Java 25.0.3 with PID 12656 (started by sai kiran in C:\Users\sai kiran\Desktop\Student Tribe\project\neighbornest\backend\notification-service)
2026-08-13T12:12:54.634+05:30  INFO 12656 --- [           main] c.n.n.r.NotificationRepositoryTest       : The following 1 profile is active: "test"
2026-08-13T12:12:55.192+05:30  INFO 12656 --- [           main] .s.d.r.c.RepositoryConfigurationDelegate : Bootstrapping Spring Data JPA repositories in DEFAULT mode.
2026-08-13T12:12:55.372+05:30  INFO 12656 --- [           main] .s.d.r.c.RepositoryConfigurationDelegate : Finished Spring Data repository scanning in 138 ms. Found 4 JPA repository interfaces.
2026-08-13T12:12:55.481+05:30  INFO 12656 --- [           main] beddedDataSourceBeanFactoryPostProcessor : Replacing 'dataSource' DataSource bean with embedded version
2026-08-13T12:12:55.599+05:30  INFO 12656 --- [           main] o.s.j.d.e.EmbeddedDatabaseFactory        : Starting embedded database: url='jdbc:h2:mem:07186704-62d1-4c57-893b-9318f734dcfd;DB_CLOSE_DELAY=-1;DB_CLOSE_ON_EXIT=false', username='sa'
2026-08-13T12:12:56.078+05:30  INFO 12656 --- [           main] o.hibernate.jpa.internal.util.LogHelper  : HHH000204: Processing PersistenceUnitInfo [name: default]
2026-08-13T12:12:56.175+05:30  INFO 12656 --- [           main] org.hibernate.Version                    : HHH000412: Hibernate ORM core version 6.6.11.Final
2026-08-13T12:12:56.224+05:30  INFO 12656 --- [           main] o.h.c.internal.RegionFactoryInitiator    : HHH000026: Second-level cache disabled
2026-08-13T12:12:56.400+05:30  INFO 12656 --- [           main] o.s.o.j.p.SpringPersistenceUnitInfo      : No LoadTimeWeaver setup: ignoring JPA class transformer
2026-08-13T12:12:56.506+05:30  WARN 12656 --- [           main] org.hibernate.orm.deprecation            : HHH90000025: H2Dialect does not need to be specified explicitly using 'hibernate.dialect' (remove the property setting and it will be selected by default)
2026-08-13T12:12:56.551+05:30  INFO 12656 --- [           main] org.hibernate.orm.connections.pooling    : HHH10001005: Database info:
	Database JDBC URL [Connecting through datasource 'org.springframework.jdbc.datasource.embedded.EmbeddedDatabaseFactory$EmbeddedDataSourceProxy@3c12f87d']
	Database driver: undefined/unknown
	Database version: 2.3.232
	Autocommit mode: undefined/unknown
	Isolation level: undefined/unknown
	Minimum pool size: undefined/unknown
	Maximum pool size: undefined/unknown
2026-08-13T12:12:57.676+05:30  INFO 12656 --- [           main] o.h.e.t.j.p.i.JtaPlatformInitiator       : HHH000489: No JTA platform available (set 'hibernate.transaction.jta.platform' to enable JTA platform integration)
Hibernate: drop table if exists email_templates cascade 
Hibernate: drop table if exists notification_preferences cascade 
Hibernate: drop table if exists notifications cascade 
Hibernate: drop table if exists tracked_nests cascade 
Hibernate: create table email_templates (created_at timestamp(6) not null, id bigint generated by default as identity, updated_at timestamp(6) not null, template_key varchar(50) not null unique, subject varchar(200) not null, body_html TEXT not null, body_text TEXT not null, variables TEXT, primary key (id))
Hibernate: create table notification_preferences (chat_notifications boolean not null, email_enabled boolean not null, expense_alerts boolean not null, meeting_reminders boolean not null, push_enabled boolean not null, sms_enabled boolean not null, vibe_check_reminders boolean not null, id bigint generated by default as identity, updated_at timestamp(6) not null, user_id bigint not null unique, primary key (id))
Hibernate: create table notifications (created_at timestamp(6) not null, id bigint generated by default as identity, read_at timestamp(6), related_entity_id bigint, sent_at timestamp(6), user_id bigint not null, related_entity_type varchar(50), title varchar(150) not null, message TEXT not null, channel enum ('EMAIL','IN_APP','PUSH','SMS') not null, status enum ('FAILED','PENDING','READ','SENT') not null, type enum ('ANCHOR_APPLICATION','CHAT_MESSAGE','EXPENSE_SPLIT','MEETING_REMINDER','NEST_CREATED','NEST_DISBANDED','NEST_GRADUATED','SYSTEM','VIBE_CHECK_DUE') not null, primary key (id))
Hibernate: create table tracked_nests (created_at timestamp(6) not null, id bigint generated by default as identity, nest_id bigint not null unique, updated_at timestamp(6) not null, city varchar(100), name varchar(150) not null, member_user_ids TEXT not null, status enum ('ACTIVE','DISBANDED','GRADUATED') not null, primary key (id))
Hibernate: create index idx_notifications_user_created on notifications (user_id, created_at)
Hibernate: create index idx_notifications_status on notifications (status)
2026-08-13T12:12:57.735+05:30  INFO 12656 --- [           main] j.LocalContainerEntityManagerFactoryBean : Initialized JPA EntityManagerFactory for persistence unit 'default'
2026-08-13T12:12:58.268+05:30  INFO 12656 --- [           main] o.s.d.j.r.query.QueryEnhancerFactory     : Hibernate is in classpath; If applicable, HQL parser will be used.
2026-08-13T12:12:59.270+05:30  INFO 12656 --- [           main] c.n.n.r.NotificationRepositoryTest       : Started NotificationRepositoryTest in 4.789 seconds (process running for 19.142)
Hibernate: insert into notifications (channel,created_at,message,read_at,related_entity_id,related_entity_type,sent_at,status,title,type,user_id,id) values (?,?,?,?,?,?,?,?,?,?,?,default)
Hibernate: select n1_0.id,n1_0.channel,n1_0.created_at,n1_0.message,n1_0.read_at,n1_0.related_entity_id,n1_0.related_entity_type,n1_0.sent_at,n1_0.status,n1_0.title,n1_0.type,n1_0.user_id from notifications n1_0 where n1_0.created_at<?
]]></system-out>
  </testcase>
  <testcase name="shouldKeepRecentNotifications" classname="com.neighbornest.notificationservice.repository.NotificationRepositoryTest$CleanupTests" time="0.031">
    <system-out><![CDATA[Hibernate: insert into notifications (channel,created_at,message,read_at,related_entity_id,related_entity_type,sent_at,status,title,type,user_id,id) values (?,?,?,?,?,?,?,?,?,?,?,default)
Hibernate: select n1_0.id,n1_0.channel,n1_0.created_at,n1_0.message,n1_0.read_at,n1_0.related_entity_id,n1_0.related_entity_type,n1_0.sent_at,n1_0.status,n1_0.title,n1_0.type,n1_0.user_id from notifications n1_0 where n1_0.created_at<?
Hibernate: select count(*) from notifications n1_0
]]></system-out>
  </testcase>
</testsuite>