<?xml version="1.0" encoding="UTF-8"?>
<testsuite xmlns:xsi="http://www.w3.org/2001/XMLSchema-instance" xsi:noNamespaceSchemaLocation="https://maven.apache.org/surefire/maven-surefire-plugin/xsd/surefire-test-report.xsd" version="3.0.2" name="com.neighbornest.user.repository.AnchorApplicationRepositoryTest$DeleteByProfileTests" time="5.799" tests="1" errors="0" skipped="0" failures="0">
  <properties>
[...]
</properties>
  <testcase name="shouldDeleteAllForProfile" classname="com.neighbornest.user.repository.AnchorApplicationRepositoryTest$DeleteByProfileTests" time="0.382">
    <system-out><![CDATA[2026-08-17T23:42:20.774+05:30  INFO 20808 --- [           main] t.c.s.AnnotationConfigContextLoaderUtils : Could not detect default configuration classes for test class [com.neighbornest.user.repository.AnchorApplicationRepositoryTest]: AnchorApplicationRepositoryTest does not declare any static, non-private, non-final, nested classes annotated with @Configuration.
2026-08-17T23:42:20.884+05:30  INFO 20808 --- [           main] .b.t.c.SpringBootTestContextBootstrapper : Found @SpringBootConfiguration com.neighbornest.user.UserServiceApplication for test class com.neighbornest.user.repository.AnchorApplicationRepositoryTest
2026-08-17T23:42:20.889+05:30  INFO 20808 --- [           main] t.c.s.AnnotationConfigContextLoaderUtils : Could not detect default configuration classes for test class [com.neighbornest.user.repository.AnchorApplicationRepositoryTest$DeleteByProfileTests]: DeleteByProfileTests does not declare any static, non-private, non-final, nested classes annotated with @Configuration.
2026-08-17T23:42:20.909+05:30  INFO 20808 --- [           main] .b.t.c.SpringBootTestContextBootstrapper : Found @SpringBootConfiguration com.neighbornest.user.UserServiceApplication for test class com.neighbornest.user.repository.AnchorApplicationRepositoryTest$DeleteByProfileTests

  .   ____          _            __ _ _
 /\\ / ___'_ __ _ _(_)_ __  __ _ \ \ \ \
( ( )\___ | '_ | '_| | '_ \/ _` | \ \ \ \
 \\/  ___)| |_)| | | | | || (_| |  ) ) ) )
  '  |____| .__|_| |_|_| |_\__, | / / / /
 =========|_|==============|___/=/_/_/_/

 :: Spring Boot ::                (v3.4.4)

2026-08-17T23:42:21.062+05:30  INFO 20808 --- [           main] c.n.u.r.AnchorApplicationRepositoryTest  : Starting AnchorApplicationRepositoryTest using Java 25.0.3 with PID 20808 (started by sai kiran in C:\Users\sai kiran\Desktop\Student Tribe\project\neighbornest\backend\user-service)
2026-08-17T23:42:21.062+05:30  INFO 20808 --- [           main] c.n.u.r.AnchorApplicationRepositoryTest  : The following 1 profile is active: "test"
2026-08-17T23:42:21.532+05:30  INFO 20808 --- [           main] .s.d.r.c.RepositoryConfigurationDelegate : Bootstrapping Spring Data JPA repositories in DEFAULT mode.
2026-08-17T23:42:21.644+05:30  INFO 20808 --- [           main] .s.d.r.c.RepositoryConfigurationDelegate : Finished Spring Data repository scanning in 90 ms. Found 3 JPA repository interfaces.
2026-08-17T23:42:21.726+05:30  INFO 20808 --- [           main] beddedDataSourceBeanFactoryPostProcessor : Replacing 'dataSource' DataSource bean with embedded version
2026-08-17T23:42:21.852+05:30  INFO 20808 --- [           main] o.s.j.d.e.EmbeddedDatabaseFactory        : Starting embedded database: url='jdbc:h2:mem:44649272-39ec-4a02-a844-28a876b859c9;DB_CLOSE_DELAY=-1;DB_CLOSE_ON_EXIT=false', username='sa'
2026-08-17T23:42:22.600+05:30  INFO 20808 --- [           main] o.hibernate.jpa.internal.util.LogHelper  : HHH000204: Processing PersistenceUnitInfo [name: default]
2026-08-17T23:42:22.744+05:30  INFO 20808 --- [           main] org.hibernate.Version                    : HHH000412: Hibernate ORM core version 6.6.11.Final
2026-08-17T23:42:22.868+05:30  INFO 20808 --- [           main] o.h.c.internal.RegionFactoryInitiator    : HHH000026: Second-level cache disabled
2026-08-17T23:42:23.146+05:30  INFO 20808 --- [           main] o.s.o.j.p.SpringPersistenceUnitInfo      : No LoadTimeWeaver setup: ignoring JPA class transformer
2026-08-17T23:42:23.267+05:30  WARN 20808 --- [           main] org.hibernate.orm.deprecation            : HHH90000025: H2Dialect does not need to be specified explicitly using 'hibernate.dialect' (remove the property setting and it will be selected by default)
2026-08-17T23:42:23.315+05:30  INFO 20808 --- [           main] org.hibernate.orm.connections.pooling    : HHH10001005: Database info:
	Database JDBC URL [Connecting through datasource 'org.springframework.jdbc.datasource.embedded.EmbeddedDatabaseFactory$EmbeddedDataSourceProxy@2f81d7f']
	Database driver: undefined/unknown
	Database version: 2.3.232
	Autocommit mode: undefined/unknown
	Isolation level: undefined/unknown
	Minimum pool size: undefined/unknown
	Maximum pool size: undefined/unknown
2026-08-17T23:42:24.766+05:30  INFO 20808 --- [           main] o.h.e.t.j.p.i.JtaPlatformInitiator       : HHH000489: No JTA platform available (set 'hibernate.transaction.jta.platform' to enable JTA platform integration)
Hibernate: 
    drop table if exists anchor_applications cascade 
Hibernate: 
    drop table if exists onboarding_answers cascade 
Hibernate: 
    drop table if exists user_profiles cascade 
Hibernate: 
    create table anchor_applications (
        years_in_city integer not null,
        applied_at timestamp(6) not null,
        id bigint generated by default as identity,
        reviewed_at timestamp(6),
        user_profile_id bigint not null,
        availability varchar(500),
        languages_spoken varchar(500),
        experience TEXT,
        neighborhoods_known TEXT,
        review_note TEXT,
        status enum ('APPROVED','PENDING','REJECTED') not null,
        primary key (id)
    )
Hibernate: 
    create table onboarding_answers (
        weight integer not null,
        created_at timestamp(6) not null,
        id bigint generated by default as identity,
        user_profile_id bigint not null,
        question_key varchar(64) not null,
        answer_value varchar(500) not null,
        primary key (id)
    )
Hibernate: 
    create table user_profiles (
        is_onboarded boolean not null,
        years_in_city integer not null,
        auth_user_id bigint not null unique,
        created_at timestamp(6) not null,
        id bigint generated by default as identity,
        updated_at timestamp(6) not null,
        city varchar(100),
        full_name varchar(100) not null,
        neighborhood varchar(100),
        occupation varchar(100),
        profile_photo_url varchar(500),
        budget_level enum ('HIGH','LOW','MEDIUM'),
        personality_type enum ('AMBIVERT','EXTROVERT','INTROVERT'),
        role enum ('ADMIN','ANCHOR','NEWCOMER') not null,
        schedule_preference enum ('EARLY_BIRD','EVENING','FLEXIBLE','MORNING','NIGHT_OWL'),
        social_goal enum ('COMMUNITY','FRIENDSHIP','HOUSING_MATE','MENTORSHIP','NETWORKING'),
        work_type enum ('FREELANCE','FULL_TIME','PART_TIME','RETIRED','STUDENT','UNEMPLOYED'),
        primary key (id)
    )
Hibernate: 
    create index idx_anchor_profile 
       on anchor_applications (user_profile_id)
Hibernate: 
    create index idx_answers_profile 
       on onboarding_answers (user_profile_id)
Hibernate: 
    create index idx_answers_profile_key 
       on onboarding_answers (user_profile_id, question_key)
2026-08-17T23:42:24.846+05:30  INFO 20808 --- [           main] j.LocalContainerEntityManagerFactoryBean : Initialized JPA EntityManagerFactory for persistence unit 'default'
2026-08-17T23:42:25.440+05:30  INFO 20808 --- [           main] o.s.d.j.r.query.QueryEnhancerFactory     : Hibernate is in classpath; If applicable, HQL parser will be used.
2026-08-17T23:42:26.296+05:30  INFO 20808 --- [           main] c.n.u.r.AnchorApplicationRepositoryTest  : Started AnchorApplicationRepositoryTest in 5.38 seconds (process running for 17.599)
Hibernate: 
    insert 
    into
        anchor_applications
        (applied_at, availability, experience, languages_spoken, neighborhoods_known, review_note, reviewed_at, status, user_profile_id, years_in_city, id) 
    values
        (?, ?, ?, ?, ?, ?, ?, ?, ?, ?, default)
Hibernate: 
    insert 
    into
        anchor_applications
        (applied_at, availability, experience, languages_spoken, neighborhoods_known, review_note, reviewed_at, status, user_profile_id, years_in_city, id) 
    values
        (?, ?, ?, ?, ?, ?, ?, ?, ?, ?, default)
Hibernate: 
    insert 
    into
        anchor_applications
        (applied_at, availability, experience, languages_spoken, neighborhoods_known, review_note, reviewed_at, status, user_profile_id, years_in_city, id) 
    values
        (?, ?, ?, ?, ?, ?, ?, ?, ?, ?, default)
Hibernate: 
    select
        aa1_0.id,
        aa1_0.applied_at,
        aa1_0.availability,
        aa1_0.experience,
        aa1_0.languages_spoken,
        aa1_0.neighborhoods_known,
        aa1_0.review_note,
        aa1_0.reviewed_at,
        aa1_0.status,
        aa1_0.user_profile_id,
        aa1_0.years_in_city 
    from
        anchor_applications aa1_0 
    where
        aa1_0.user_profile_id=?
Hibernate: 
    delete 
    from
        anchor_applications 
    where
        id=?
Hibernate: 
    delete 
    from
        anchor_applications 
    where
        id=?
Hibernate: 
    select
        aa1_0.id,
        aa1_0.applied_at,
        aa1_0.availability,
        aa1_0.experience,
        aa1_0.languages_spoken,
        aa1_0.neighborhoods_known,
        aa1_0.review_note,
        aa1_0.reviewed_at,
        aa1_0.status,
        aa1_0.user_profile_id,
        aa1_0.years_in_city 
    from
        anchor_applications aa1_0 
    where
        aa1_0.user_profile_id=? 
    order by
        aa1_0.applied_at desc 
    fetch
        first ? rows only
Hibernate: 
    select
        aa1_0.id,
        aa1_0.applied_at,
        aa1_0.availability,
        aa1_0.experience,
        aa1_0.languages_spoken,
        aa1_0.neighborhoods_known,
        aa1_0.review_note,
        aa1_0.reviewed_at,
        aa1_0.status,
        aa1_0.user_profile_id,
        aa1_0.years_in_city 
    from
        anchor_applications aa1_0 
    where
        aa1_0.user_profile_id=? 
    order by
        aa1_0.applied_at desc 
    fetch
        first ? rows only
]]></system-out>
  </testcase>
</testsuite>